\BOOKMARK [1][-]{section.1}{\376\377\000O\000u\000t\000l\000i\000n\000e}{}% 1
\BOOKMARK [1][-]{section.2}{\376\377\000C\000o\000n\000c\000e\000n\000t\000r\000a\000t\000i\000o\000n\000\040\000I\000n\000e\000q\000u\000a\000l\000i\000t\000i\000e\000s}{}% 2
\BOOKMARK [2][-]{subsection.2.1}{\376\377\000S\000u\000b\000-\000G\000a\000u\000s\000s\000i\000a\000n}{section.2}% 3
\BOOKMARK [2][-]{subsection.2.2}{\376\377\000H\000o\000e\000f\000f\000d\000i\000n\000g\000'\000s\000\040\000I\000n\000e\000q\000u\000a\000l\000i\000t\000y}{section.2}% 4
\BOOKMARK [2][-]{subsection.2.3}{\376\377\000M\000c\000D\000i\000a\000r\000m\000i\000d\000'\000s\000\040\000I\000n\000e\000q\000u\000a\000l\000i\000t\000y}{section.2}% 5
\BOOKMARK [2][-]{subsection.2.4}{\376\377\000B\000o\000u\000n\000d\000s\000\040\000f\000o\000r\000\040\000L\000i\000p\000s\000c\000h\000i\000t\000z\000\040\000F\000u\000n\000c\000t\000i\000o\000n\000s}{section.2}% 6
\BOOKMARK [2][-]{subsection.2.5}{\376\377\000M\000a\000x\000i\000m\000a\000l\000\040\000I\000n\000e\000q\000u\000a\000l\000i\000t\000y}{section.2}% 7
\BOOKMARK [2][-]{subsection.2.6}{\376\377\000O\000t\000h\000e\000r\000s}{section.2}% 8
\BOOKMARK [1][-]{section.3}{\376\377\000R\000a\000n\000d\000o\000m\000\040\000P\000r\000o\000c\000e\000s\000s\000\040\000a\000n\000d\000\040\000C\000o\000m\000p\000l\000e\000x\000i\000t\000y\000\040\000C\000o\000n\000t\000r\000o\000l}{}% 9
\BOOKMARK [2][-]{subsection.3.1}{\376\377\000C\000o\000m\000p\000l\000e\000x\000i\000t\000y\000\040\000C\000o\000n\000t\000r\000o\000l\000\040\000V\000i\000a\000\040\000M\000e\000t\000r\000i\000c\000\040\000E\000n\000t\000r\000o\000p\000y}{section.3}% 10
\BOOKMARK [3][-]{subsubsection.3.1.1}{\376\377\000R\000a\000d\000e\000m\000a\000c\000h\000e\000r\000\040\000C\000o\000m\000p\000l\000e\000x\000i\000t\000y\000\040\000a\000n\000d\000\040\000S\000y\000m\000m\000e\000t\000r\000i\000z\000a\000t\000i\000o\000n}{subsection.3.1}% 11
\BOOKMARK [3][-]{subsubsection.3.1.2}{\376\377\000C\000o\000v\000e\000r\000i\000n\000g\000\040\000N\000u\000m\000b\000e\000r}{subsection.3.1}% 12
\BOOKMARK [3][-]{subsubsection.3.1.3}{\376\377\000C\000h\000a\000i\000n\000i\000n\000g}{subsection.3.1}% 13
\BOOKMARK [2][-]{subsection.3.2}{\376\377\000S\000u\000d\000a\000k\000o\000v\000-\000F\000e\000r\000n\000i\000q\000u\000e\000'\000s\000\040\000I\000n\000e\000q\000u\000a\000l\000i\000t\000y\000\040\000f\000o\000r\000\040\000G\000a\000u\000s\000s\000i\000a\000n\000\040\000P\000r\000o\000c\000e\000s\000s\000e\000s}{section.3}% 14
\BOOKMARK [2][-]{subsection.3.3}{\376\377\147\054\172\340\134\017\176\323}{section.3}% 15
\BOOKMARK [1][-]{section.4}{\376\377\000S\000u\000p\000e\000r\000v\000i\000s\000e\000d\000\040\000L\000e\000a\000r\000n\000i\000n\000g\000\040\000a\000n\000d\000\040\000G\000e\000r\000e\000r\000a\000l\000i\000z\000a\000t\000i\000o\000n\000\040\000B\000o\000u\000n\000d\000s}{}% 16
\BOOKMARK [2][-]{subsection.4.1}{\376\377\000M\000o\000d\000e\000l\000\040\000a\000n\000d\000\040\000E\000m\000p\000i\000r\000i\000c\000a\000l\000\040\000R\000i\000s\000k}{section.4}% 17
\BOOKMARK [2][-]{subsection.4.2}{\376\377\000U\000L\000L\000N\000\040\000C\000o\000n\000t\000r\000o\000l}{section.4}% 18
\BOOKMARK [2][-]{subsection.4.3}{\376\377\000V\000i\000a\000\040\000R\000a\000d\000e\000m\000a\000c\000h\000e\000r\000\040\000C\000o\000m\000p\000l\000e\000x\000i\000t\000y}{section.4}% 19
\BOOKMARK [1][-]{section.5}{\376\377\000S\000p\000a\000r\000s\000e\000\040\000R\000e\000g\000r\000e\000s\000s\000i\000o\000n}{}% 20
\BOOKMARK [2][-]{subsection.5.1}{\376\377\000O\000L\000S\000\040\000R\000e\000g\000r\000e\000s\000s\000i\000o\000n}{section.5}% 21
\BOOKMARK [2][-]{subsection.5.2}{\376\377\000R\000e\000g\000r\000e\000s\000s\000i\000o\000n\000\040\000w\000i\000t\000h\000\040\000C\000o\000n\000s\000t\000r\000a\000i\000n\000t\000s}{section.5}% 22
\BOOKMARK [1][-]{section.6}{\376\377\000R\000a\000n\000d\000o\000m\000\040\000M\000a\000t\000r\000i\000x}{}% 23
\BOOKMARK [1][-]{section.7}{\376\377\000M\000i\000n\000i\000m\000a\000x\000\040\000R\000i\000s\000k}{}% 24
\BOOKMARK [2][-]{subsection.7.1}{\376\377\000P\000r\000o\000b\000l\000e\000m\000\040\000F\000o\000r\000m\000u\000l\000a\000t\000i\000o\000n}{section.7}% 25
\BOOKMARK [2][-]{subsection.7.2}{\376\377\000F\000r\000o\000m\000\040\000M\000i\000n\000i\000m\000a\000x\000\040\000R\000i\000s\000k\000\040\000t\000o\000\040\000T\000e\000s\000t\000i\000n\000g}{section.7}% 26
\BOOKMARK [2][-]{subsection.7.3}{\376\377\000K\000-\000L\000\040\000D\000i\000v\000e\000r\000g\000e\000n\000c\000e\000\040\000M\000e\000t\000h\000o\000d}{section.7}% 27
\BOOKMARK [1][-]{section.8}{\376\377\000N\000o\000n\000-\000P\000a\000r\000a\000m\000e\000t\000r\000i\000c\000\040\000L\000S}{}% 28
\BOOKMARK [2][-]{subsection.8.1}{\376\377\000O\000r\000a\000c\000l\000e\000\040\000I\000n\000e\000q\000u\000a\000l\000i\000t\000y}{section.8}% 29
\BOOKMARK [1][-]{section.9}{\376\377\000R\000e\000v\000i\000e\000w\000\040\000o\000f\000\040\000I\000n\000f\000o\000r\000m\000a\000t\000i\000o\000n\000\040\000T\000h\000e\000o\000r\000y\000\040\000a\000n\000d\000\040\000R\000e\000l\000a\000t\000e\000d\000\040\000B\000o\000u\000n\000d\000s}{}% 30
\BOOKMARK [2][-]{subsection.9.1}{\376\377\000\040\000f\000\040\000-\000D\000i\000v\000e\000r\000g\000e\000n\000c\000e}{section.9}% 31
\BOOKMARK [3][-]{subsubsection.9.1.1}{\376\377\000R\000e\000l\000a\000t\000i\000o\000n\000\040\000b\000e\000t\000w\000e\000e\000n\000\040\000\040\000f\000\040\000-\000D\000i\000v\000e\000r\000g\000e\000n\000c\000e\000\040\000a\000n\000d\000\040\000O\000t\000h\000e\000r\000\040\000P\000r\000o\000p\000e\000r\000t\000i\000e\000s}{subsection.9.1}% 32
\BOOKMARK [3][-]{subsubsection.9.1.2}{\376\377\000M\000u\000t\000u\000a\000l\000\040\000I\000n\000f\000o\000r\000m\000a\000t\000i\000o\000n}{subsection.9.1}% 33
\BOOKMARK [2][-]{subsection.9.2}{\376\377\000R\000e\000v\000i\000e\000w\000\040\000o\000f\000\040\000M\000i\000n\000i\000m\000a\000x\000\040\000T\000h\000e\000o\000r\000y}{section.9}% 34
\BOOKMARK [2][-]{subsection.9.3}{\376\377\000M\000i\000n\000i\000m\000a\000x\000\040\000L\000o\000w\000e\000r\000\040\000B\000o\000u\000n\000d\000\040\000b\000y\000\040\000L\000e\000\040\000C\000a\000m\000'\000s\000\040\000M\000e\000t\000h\000o\000d}{section.9}% 35
\BOOKMARK [3][-]{subsubsection.9.3.1}{\376\377\000L\000e\000\040\000C\000a\000m\000'\000s\000\040\000T\000w\000o\000-\000P\000o\000i\000n\000t\000\040\000M\000e\000t\000h\000o\000d}{subsection.9.3}% 36
\BOOKMARK [3][-]{subsubsection.9.3.2}{\376\377\000U\000p\000g\000r\000a\000d\000e\000s\000\040\000L\000e\000\040\000C\000a\000m\000'\000s\000\040\000T\000w\000o\000-\000P\000o\000i\000n\000t\000\040\000M\000e\000t\000h\000o\000d\000\040\000b\000y\000\040\000A\000s\000s\000o\000u\000a\000d\000'\000s\000\040\000L\000e\000m\000m\000a}{subsection.9.3}% 37
\BOOKMARK [3][-]{subsubsection.9.3.3}{\376\377\000M\000i\000n\000i\000m\000a\000x\000\040\000b\000y\000\040\000F\000a\000n\000o\000'\000s\000\040\000M\000e\000t\000h\000o\000d}{subsection.9.3}% 38
\BOOKMARK [3][-]{subsubsection.9.3.4}{\376\377\000S\000u\000m\000m\000a\000r\000y\000\040\000o\000f\000\040\000M\000i\000n\000i\000m\000a\000x\000\040\000L\000o\000w\000e\000r\000\040\000B\000o\000u\000n\000d}{subsection.9.3}% 39
\BOOKMARK [2][-]{subsection.9.4}{\376\377\000M\000i\000n\000i\000m\000a\000x\000\040\000U\000p\000p\000e\000r\000\040\000B\000o\000u\000n\000d\000\040\000\340\000\040\000l\000a\000\040\000L\000e\000\040\000C\000a\000m\000-\000B\000i\000r\000g\000\351\000'\000s\000\040\000c\000o\000m\000p\000a\000r\000i\000s\000o\000n\000\040\000t\000h\000e\000o\000r\000e\000m}{section.9}% 40
\BOOKMARK [3][-]{subsubsection.9.4.1}{\376\377\000L\000e\000\040\000C\000a\000m\000-\000B\000i\000r\000g\000\351\000'\000s\000\040\000c\000o\000m\000p\000a\000r\000i\000s\000o\000n\000\040\000t\000h\000e\000o\000r\000e\000m}{subsection.9.4}% 41
\BOOKMARK [1][-]{section.10}{\376\377\000M\000i\000s\000c\000e\000l\000l\000a\000n\000e\000o\000u\000s}{}% 42
\BOOKMARK [2][-]{subsection.10.1}{\376\377\000U\000n\000i\000v\000e\000r\000s\000a\000l\000i\000t\000y}{section.10}% 43
